{"C:\\Users\\nicki\\meet2\\src\\App.jsx": {"path":"C:\\Users\\nicki\\meet2\\src\\App.jsx","statementMap":{"0":{"start":{"line":16,"column":12},"end":{"line":67,"column":1}},"1":{"start":{"line":17,"column":30},"end":{"line":17,"column":42}},"2":{"start":{"line":18,"column":38},"end":{"line":18,"column":50}},"3":{"start":{"line":19,"column":42},"end":{"line":19,"column":54}},"4":{"start":{"line":20,"column":40},"end":{"line":20,"column":66}},"5":{"start":{"line":21,"column":36},"end":{"line":21,"column":48}},"6":{"start":{"line":22,"column":38},"end":{"line":22,"column":50}},"7":{"start":{"line":23,"column":42},"end":{"line":23,"column":54}},"8":{"start":{"line":25,"column":20},"end":{"line":32,"column":3}},"9":{"start":{"line":26,"column":22},"end":{"line":26,"column":39}},"10":{"start":{"line":27,"column":27},"end":{"line":29,"column":63}},"11":{"start":{"line":29,"column":32},"end":{"line":29,"column":62}},"12":{"start":{"line":30,"column":4},"end":{"line":30,"column":51}},"13":{"start":{"line":31,"column":4},"end":{"line":31,"column":49}},"14":{"start":{"line":34,"column":2},"end":{"line":41,"column":32}},"15":{"start":{"line":35,"column":4},"end":{"line":39,"column":5}},"16":{"start":{"line":36,"column":6},"end":{"line":36,"column":26}},"17":{"start":{"line":38,"column":6},"end":{"line":38,"column":80}},"18":{"start":{"line":40,"column":4},"end":{"line":40,"column":16}},"19":{"start":{"line":42,"column":2},"end":{"line":66,"column":3}}},"fnMap":{"0":{"name":"(anonymous_0)","decl":{"start":{"line":16,"column":12},"end":{"line":16,"column":13}},"loc":{"start":{"line":16,"column":18},"end":{"line":67,"column":1}},"line":16},"1":{"name":"(anonymous_1)","decl":{"start":{"line":25,"column":20},"end":{"line":25,"column":21}},"loc":{"start":{"line":25,"column":32},"end":{"line":32,"column":3}},"line":25},"2":{"name":"(anonymous_2)","decl":{"start":{"line":29,"column":23},"end":{"line":29,"column":24}},"loc":{"start":{"line":29,"column":32},"end":{"line":29,"column":62}},"line":29},"3":{"name":"(anonymous_3)","decl":{"start":{"line":34,"column":12},"end":{"line":34,"column":13}},"loc":{"start":{"line":34,"column":18},"end":{"line":41,"column":3}},"line":34}},"branchMap":{"0":{"loc":{"start":{"line":27,"column":27},"end":{"line":29,"column":63}},"type":"cond-expr","locations":[{"start":{"line":28,"column":6},"end":{"line":28,"column":15}},{"start":{"line":29,"column":6},"end":{"line":29,"column":63}}],"line":27},"1":{"loc":{"start":{"line":35,"column":4},"end":{"line":39,"column":5}},"type":"if","locations":[{"start":{"line":35,"column":4},"end":{"line":39,"column":5}},{"start":{"line":37,"column":11},"end":{"line":39,"column":5}}],"line":35},"2":{"loc":{"start":{"line":45,"column":9},"end":{"line":45,"column":65}},"type":"cond-expr","locations":[{"start":{"line":45,"column":28},"end":{"line":45,"column":58}},{"start":{"line":45,"column":61},"end":{"line":45,"column":65}}],"line":45},"3":{"loc":{"start":{"line":46,"column":9},"end":{"line":46,"column":68}},"type":"cond-expr","locations":[{"start":{"line":46,"column":29},"end":{"line":46,"column":61}},{"start":{"line":46,"column":64},"end":{"line":46,"column":68}}],"line":46},"4":{"loc":{"start":{"line":47,"column":9},"end":{"line":47,"column":74}},"type":"cond-expr","locations":[{"start":{"line":47,"column":31},"end":{"line":47,"column":67}},{"start":{"line":47,"column":70},"end":{"line":47,"column":74}}],"line":47}},"s":{"0":4,"1":18,"2":14,"3":14,"4":14,"5":14,"6":14,"7":14,"8":14,"9":0,"10":0,"11":0,"12":0,"13":0,"14":14,"15":0,"16":0,"17":0,"18":0,"19":14},"f":{"0":18,"1":0,"2":0,"3":0},"b":{"0":[0,0],"1":[0,0],"2":[0,14],"3":[0,14],"4":[0,14]},"_coverageSchema":"1a1c01bbd47fc00a2c39e90264f33305004495a9","hash":"b54b93b3e8b5fa37c142e8eab0d32ca02ce3a71d"}
,"C:\\Users\\nicki\\meet2\\src\\api.js": {"path":"C:\\Users\\nicki\\meet2\\src\\api.js","statementMap":{"0":{"start":{"line":7,"column":26},"end":{"line":10,"column":1}},"1":{"start":{"line":8,"column":18},"end":{"line":8,"column":104}},"2":{"start":{"line":9,"column":2},"end":{"line":9,"column":69}},"3":{"start":{"line":15,"column":32},"end":{"line":18,"column":1}},"4":{"start":{"line":16,"column":20},"end":{"line":16,"column":71}},"5":{"start":{"line":16,"column":54},"end":{"line":16,"column":68}},"6":{"start":{"line":17,"column":2},"end":{"line":17,"column":19}},"7":{"start":{"line":23,"column":17},"end":{"line":49,"column":1}},"8":{"start":{"line":24,"column":2},"end":{"line":48,"column":3}},"9":{"start":{"line":25,"column":23},"end":{"line":25,"column":47}},"10":{"start":{"line":26,"column":21},"end":{"line":35,"column":5}},"11":{"start":{"line":37,"column":4},"end":{"line":39,"column":5}},"12":{"start":{"line":38,"column":6},"end":{"line":38,"column":64}},"13":{"start":{"line":41,"column":29},"end":{"line":41,"column":50}},"14":{"start":{"line":42,"column":4},"end":{"line":45,"column":5}},"15":{"start":{"line":43,"column":6},"end":{"line":43,"column":57}},"16":{"start":{"line":44,"column":6},"end":{"line":44,"column":26}},"17":{"start":{"line":47,"column":4},"end":{"line":47,"column":50}},"18":{"start":{"line":54,"column":19},"end":{"line":59,"column":1}},"19":{"start":{"line":55,"column":19},"end":{"line":57,"column":3}},"20":{"start":{"line":58,"column":2},"end":{"line":58,"column":31}},"21":{"start":{"line":64,"column":30},"end":{"line":86,"column":1}},"22":{"start":{"line":65,"column":22},"end":{"line":65,"column":58}},"23":{"start":{"line":66,"column":21},"end":{"line":66,"column":67}},"24":{"start":{"line":68,"column":2},"end":{"line":83,"column":3}},"25":{"start":{"line":69,"column":4},"end":{"line":69,"column":44}},"26":{"start":{"line":70,"column":25},"end":{"line":70,"column":68}},"27":{"start":{"line":71,"column":17},"end":{"line":71,"column":41}},"28":{"start":{"line":73,"column":4},"end":{"line":80,"column":5}},"29":{"start":{"line":74,"column":23},"end":{"line":76,"column":7}},"30":{"start":{"line":77,"column":26},"end":{"line":77,"column":47}},"31":{"start":{"line":78,"column":6},"end":{"line":78,"column":37}},"32":{"start":{"line":79,"column":6},"end":{"line":79,"column":13}},"33":{"start":{"line":82,"column":4},"end":{"line":82,"column":34}},"34":{"start":{"line":85,"column":2},"end":{"line":85,"column":21}},"35":{"start":{"line":91,"column":20},"end":{"line":96,"column":1}},"36":{"start":{"line":92,"column":17},"end":{"line":94,"column":60}},"37":{"start":{"line":95,"column":2},"end":{"line":95,"column":43}},"38":{"start":{"line":101,"column":25},"end":{"line":132,"column":1}},"39":{"start":{"line":102,"column":2},"end":{"line":102,"column":20}},"40":{"start":{"line":104,"column":2},"end":{"line":107,"column":3}},"41":{"start":{"line":105,"column":4},"end":{"line":105,"column":21}},"42":{"start":{"line":106,"column":4},"end":{"line":106,"column":20}},"43":{"start":{"line":109,"column":2},"end":{"line":113,"column":3}},"44":{"start":{"line":110,"column":19},"end":{"line":110,"column":53}},"45":{"start":{"line":111,"column":4},"end":{"line":111,"column":21}},"46":{"start":{"line":112,"column":4},"end":{"line":112,"column":44}},"47":{"start":{"line":115,"column":16},"end":{"line":115,"column":38}},"48":{"start":{"line":117,"column":2},"end":{"line":128,"column":3}},"49":{"start":{"line":118,"column":4},"end":{"line":118,"column":18}},"50":{"start":{"line":119,"column":16},"end":{"line":119,"column":109}},"51":{"start":{"line":120,"column":21},"end":{"line":120,"column":37}},"52":{"start":{"line":121,"column":19},"end":{"line":121,"column":40}},"53":{"start":{"line":123,"column":4},"end":{"line":127,"column":5}},"54":{"start":{"line":124,"column":6},"end":{"line":124,"column":72}},"55":{"start":{"line":125,"column":6},"end":{"line":125,"column":23}},"56":{"start":{"line":126,"column":6},"end":{"line":126,"column":27}},"57":{"start":{"line":130,"column":2},"end":{"line":130,"column":19}},"58":{"start":{"line":131,"column":2},"end":{"line":131,"column":12}},"59":{"start":{"line":137,"column":31},"end":{"line":145,"column":1}},"60":{"start":{"line":138,"column":2},"end":{"line":144,"column":6}},"61":{"start":{"line":138,"column":32},"end":{"line":144,"column":3}}},"fnMap":{"0":{"name":"(anonymous_0)","decl":{"start":{"line":7,"column":26},"end":{"line":7,"column":27}},"loc":{"start":{"line":7,"column":42},"end":{"line":10,"column":1}},"line":7},"1":{"name":"(anonymous_1)","decl":{"start":{"line":15,"column":32},"end":{"line":15,"column":33}},"loc":{"start":{"line":15,"column":44},"end":{"line":18,"column":1}},"line":15},"2":{"name":"(anonymous_2)","decl":{"start":{"line":16,"column":43},"end":{"line":16,"column":44}},"loc":{"start":{"line":16,"column":54},"end":{"line":16,"column":68}},"line":16},"3":{"name":"(anonymous_3)","decl":{"start":{"line":23,"column":17},"end":{"line":23,"column":18}},"loc":{"start":{"line":23,"column":33},"end":{"line":49,"column":1}},"line":23},"4":{"name":"(anonymous_4)","decl":{"start":{"line":54,"column":19},"end":{"line":54,"column":20}},"loc":{"start":{"line":54,"column":42},"end":{"line":59,"column":1}},"line":54},"5":{"name":"(anonymous_5)","decl":{"start":{"line":64,"column":30},"end":{"line":64,"column":31}},"loc":{"start":{"line":64,"column":42},"end":{"line":86,"column":1}},"line":64},"6":{"name":"(anonymous_6)","decl":{"start":{"line":91,"column":20},"end":{"line":91,"column":21}},"loc":{"start":{"line":91,"column":26},"end":{"line":96,"column":1}},"line":91},"7":{"name":"(anonymous_7)","decl":{"start":{"line":101,"column":25},"end":{"line":101,"column":26}},"loc":{"start":{"line":101,"column":37},"end":{"line":132,"column":1}},"line":101},"8":{"name":"(anonymous_8)","decl":{"start":{"line":137,"column":31},"end":{"line":137,"column":32}},"loc":{"start":{"line":137,"column":43},"end":{"line":145,"column":1}},"line":137},"9":{"name":"(anonymous_9)","decl":{"start":{"line":138,"column":20},"end":{"line":138,"column":21}},"loc":{"start":{"line":138,"column":32},"end":{"line":144,"column":3}},"line":138}},"branchMap":{"0":{"loc":{"start":{"line":37,"column":4},"end":{"line":39,"column":5}},"type":"if","locations":[{"start":{"line":37,"column":4},"end":{"line":39,"column":5}},{"start":{},"end":{}}],"line":37},"1":{"loc":{"start":{"line":42,"column":4},"end":{"line":45,"column":5}},"type":"if","locations":[{"start":{"line":42,"column":4},"end":{"line":45,"column":5}},{"start":{},"end":{}}],"line":42},"2":{"loc":{"start":{"line":66,"column":21},"end":{"line":66,"column":67}},"type":"binary-expr","locations":[{"start":{"line":66,"column":21},"end":{"line":66,"column":32}},{"start":{"line":66,"column":37},"end":{"line":66,"column":66}}],"line":66},"3":{"loc":{"start":{"line":68,"column":2},"end":{"line":83,"column":3}},"type":"if","locations":[{"start":{"line":68,"column":2},"end":{"line":83,"column":3}},{"start":{},"end":{}}],"line":68},"4":{"loc":{"start":{"line":68,"column":6},"end":{"line":68,"column":39}},"type":"binary-expr","locations":[{"start":{"line":68,"column":6},"end":{"line":68,"column":18}},{"start":{"line":68,"column":22},"end":{"line":68,"column":39}}],"line":68},"5":{"loc":{"start":{"line":73,"column":4},"end":{"line":80,"column":5}},"type":"if","locations":[{"start":{"line":73,"column":4},"end":{"line":80,"column":5}},{"start":{},"end":{}}],"line":73},"6":{"loc":{"start":{"line":82,"column":11},"end":{"line":82,"column":33}},"type":"binary-expr","locations":[{"start":{"line":82,"column":11},"end":{"line":82,"column":15}},{"start":{"line":82,"column":19},"end":{"line":82,"column":33}}],"line":82},"7":{"loc":{"start":{"line":92,"column":17},"end":{"line":94,"column":60}},"type":"cond-expr","locations":[{"start":{"line":93,"column":6},"end":{"line":93,"column":87}},{"start":{"line":94,"column":6},"end":{"line":94,"column":60}}],"line":92},"8":{"loc":{"start":{"line":104,"column":2},"end":{"line":107,"column":3}},"type":"if","locations":[{"start":{"line":104,"column":2},"end":{"line":107,"column":3}},{"start":{},"end":{}}],"line":104},"9":{"loc":{"start":{"line":109,"column":2},"end":{"line":113,"column":3}},"type":"if","locations":[{"start":{"line":109,"column":2},"end":{"line":113,"column":3}},{"start":{},"end":{}}],"line":109},"10":{"loc":{"start":{"line":112,"column":11},"end":{"line":112,"column":43}},"type":"cond-expr","locations":[{"start":{"line":112,"column":20},"end":{"line":112,"column":38}},{"start":{"line":112,"column":41},"end":{"line":112,"column":43}}],"line":112},"11":{"loc":{"start":{"line":117,"column":2},"end":{"line":128,"column":3}},"type":"if","locations":[{"start":{"line":117,"column":2},"end":{"line":128,"column":3}},{"start":{},"end":{}}],"line":117},"12":{"loc":{"start":{"line":123,"column":4},"end":{"line":127,"column":5}},"type":"if","locations":[{"start":{"line":123,"column":4},"end":{"line":127,"column":5}},{"start":{},"end":{}}],"line":123}},"s":{"0":5,"1":0,"2":0,"3":5,"4":2,"5":70,"6":2,"7":5,"8":0,"9":0,"10":0,"11":0,"12":0,"13":0,"14":0,"15":0,"16":0,"17":0,"18":5,"19":0,"20":0,"21":5,"22":0,"23":0,"24":0,"25":0,"26":0,"27":0,"28":0,"29":0,"30":0,"31":0,"32":0,"33":0,"34":0,"35":5,"36":0,"37":0,"38":5,"39":3,"40":3,"41":3,"42":3,"43":0,"44":0,"45":0,"46":0,"47":0,"48":0,"49":0,"50":0,"51":0,"52":0,"53":0,"54":0,"55":0,"56":0,"57":0,"58":0,"59":5,"60":0,"61":0},"f":{"0":0,"1":2,"2":70,"3":0,"4":0,"5":0,"6":0,"7":3,"8":0,"9":0},"b":{"0":[0,0],"1":[0,0],"2":[0,0],"3":[0,0],"4":[0,0],"5":[0,0],"6":[0,0],"7":[0,0],"8":[3,0],"9":[0,0],"10":[0,0],"11":[0,0],"12":[0,0]},"_coverageSchema":"1a1c01bbd47fc00a2c39e90264f33305004495a9","hash":"95500f29f25c13db02a57861ed11025b2b904850"}
,"C:\\Users\\nicki\\meet2\\src\\mock-data.js": {"path":"C:\\Users\\nicki\\meet2\\src\\mock-data.js","statementMap":{"0":{"start":{"line":3,"column":17},"end":{"line":1369,"column":1}}},"fnMap":{},"branchMap":{},"s":{"0":5},"f":{},"b":{},"_coverageSchema":"1a1c01bbd47fc00a2c39e90264f33305004495a9","hash":"8093d2fc8fa829a3c7ed61e336f2ced8c26709c1"}
,"C:\\Users\\nicki\\meet2\\src\\components\\Alert.jsx": {"path":"C:\\Users\\nicki\\meet2\\src\\components\\Alert.jsx","statementMap":{"0":{"start":{"line":6,"column":4},"end":{"line":6,"column":17}},"1":{"start":{"line":7,"column":4},"end":{"line":7,"column":22}},"2":{"start":{"line":8,"column":4},"end":{"line":8,"column":24}},"3":{"start":{"line":12,"column":13},"end":{"line":26,"column":3}},"4":{"start":{"line":13,"column":4},"end":{"line":25,"column":6}},"5":{"start":{"line":30,"column":4},"end":{"line":34,"column":6}},"6":{"start":{"line":40,"column":4},"end":{"line":40,"column":17}},"7":{"start":{"line":41,"column":4},"end":{"line":41,"column":34}},"8":{"start":{"line":42,"column":4},"end":{"line":42,"column":40}},"9":{"start":{"line":49,"column":4},"end":{"line":49,"column":17}},"10":{"start":{"line":50,"column":4},"end":{"line":50,"column":23}},"11":{"start":{"line":51,"column":4},"end":{"line":51,"column":40}},"12":{"start":{"line":57,"column":4},"end":{"line":57,"column":17}},"13":{"start":{"line":58,"column":4},"end":{"line":58,"column":26}},"14":{"start":{"line":59,"column":4},"end":{"line":59,"column":40}}},"fnMap":{"0":{"name":"(anonymous_0)","decl":{"start":{"line":5,"column":2},"end":{"line":5,"column":3}},"loc":{"start":{"line":5,"column":21},"end":{"line":9,"column":3}},"line":5},"1":{"name":"(anonymous_1)","decl":{"start":{"line":12,"column":13},"end":{"line":12,"column":14}},"loc":{"start":{"line":12,"column":19},"end":{"line":26,"column":3}},"line":12},"2":{"name":"(anonymous_2)","decl":{"start":{"line":29,"column":2},"end":{"line":29,"column":3}},"loc":{"start":{"line":29,"column":11},"end":{"line":35,"column":3}},"line":29},"3":{"name":"(anonymous_3)","decl":{"start":{"line":39,"column":2},"end":{"line":39,"column":3}},"loc":{"start":{"line":39,"column":21},"end":{"line":43,"column":3}},"line":39},"4":{"name":"(anonymous_4)","decl":{"start":{"line":48,"column":2},"end":{"line":48,"column":3}},"loc":{"start":{"line":48,"column":21},"end":{"line":52,"column":3}},"line":48},"5":{"name":"(anonymous_5)","decl":{"start":{"line":56,"column":2},"end":{"line":56,"column":3}},"loc":{"start":{"line":56,"column":21},"end":{"line":60,"column":3}},"line":56}},"branchMap":{},"s":{"0":0,"1":0,"2":0,"3":0,"4":0,"5":0,"6":0,"7":0,"8":0,"9":0,"10":0,"11":0,"12":0,"13":0,"14":0},"f":{"0":0,"1":0,"2":0,"3":0,"4":0,"5":0},"b":{},"_coverageSchema":"1a1c01bbd47fc00a2c39e90264f33305004495a9","hash":"ae81f073b9e82f78b389f16b44ac551fcdc2cb2c"}
,"C:\\Users\\nicki\\meet2\\src\\components\\CityEventsChart.jsx": {"path":"C:\\Users\\nicki\\meet2\\src\\components\\CityEventsChart.jsx","statementMap":{"0":{"start":{"line":6,"column":4},"end":{"line":6,"column":17}},"1":{"start":{"line":7,"column":4},"end":{"line":7,"column":22}},"2":{"start":{"line":8,"column":4},"end":{"line":8,"column":24}},"3":{"start":{"line":12,"column":13},"end":{"line":26,"column":3}},"4":{"start":{"line":13,"column":4},"end":{"line":25,"column":6}},"5":{"start":{"line":30,"column":4},"end":{"line":34,"column":6}},"6":{"start":{"line":40,"column":4},"end":{"line":40,"column":17}},"7":{"start":{"line":41,"column":4},"end":{"line":41,"column":34}},"8":{"start":{"line":42,"column":4},"end":{"line":42,"column":40}},"9":{"start":{"line":49,"column":4},"end":{"line":49,"column":17}},"10":{"start":{"line":50,"column":4},"end":{"line":50,"column":23}},"11":{"start":{"line":51,"column":4},"end":{"line":51,"column":40}},"12":{"start":{"line":57,"column":4},"end":{"line":57,"column":17}},"13":{"start":{"line":58,"column":4},"end":{"line":58,"column":26}},"14":{"start":{"line":59,"column":4},"end":{"line":59,"column":40}}},"fnMap":{"0":{"name":"(anonymous_0)","decl":{"start":{"line":5,"column":2},"end":{"line":5,"column":3}},"loc":{"start":{"line":5,"column":21},"end":{"line":9,"column":3}},"line":5},"1":{"name":"(anonymous_1)","decl":{"start":{"line":12,"column":13},"end":{"line":12,"column":14}},"loc":{"start":{"line":12,"column":19},"end":{"line":26,"column":3}},"line":12},"2":{"name":"(anonymous_2)","decl":{"start":{"line":29,"column":2},"end":{"line":29,"column":3}},"loc":{"start":{"line":29,"column":11},"end":{"line":35,"column":3}},"line":29},"3":{"name":"(anonymous_3)","decl":{"start":{"line":39,"column":2},"end":{"line":39,"column":3}},"loc":{"start":{"line":39,"column":21},"end":{"line":43,"column":3}},"line":39},"4":{"name":"(anonymous_4)","decl":{"start":{"line":48,"column":2},"end":{"line":48,"column":3}},"loc":{"start":{"line":48,"column":21},"end":{"line":52,"column":3}},"line":48},"5":{"name":"(anonymous_5)","decl":{"start":{"line":56,"column":2},"end":{"line":56,"column":3}},"loc":{"start":{"line":56,"column":21},"end":{"line":60,"column":3}},"line":56}},"branchMap":{},"s":{"0":0,"1":0,"2":0,"3":0,"4":0,"5":0,"6":0,"7":0,"8":0,"9":0,"10":0,"11":0,"12":0,"13":0,"14":0},"f":{"0":0,"1":0,"2":0,"3":0,"4":0,"5":0},"b":{},"_coverageSchema":"1a1c01bbd47fc00a2c39e90264f33305004495a9","hash":"6bafcc061d5fcfef27a1a0b92ea20a4c186b7cef"}
,"C:\\Users\\nicki\\meet2\\src\\components\\CitySearch.jsx": {"path":"C:\\Users\\nicki\\meet2\\src\\components\\CitySearch.jsx","statementMap":{"0":{"start":{"line":4,"column":19},"end":{"line":68,"column":1}},"1":{"start":{"line":5,"column":48},"end":{"line":5,"column":63}},"2":{"start":{"line":6,"column":28},"end":{"line":6,"column":40}},"3":{"start":{"line":7,"column":40},"end":{"line":7,"column":52}},"4":{"start":{"line":9,"column":29},"end":{"line":27,"column":3}},"5":{"start":{"line":10,"column":18},"end":{"line":10,"column":36}},"6":{"start":{"line":11,"column":30},"end":{"line":13,"column":11}},"7":{"start":{"line":12,"column":6},"end":{"line":12,"column":70}},"8":{"start":{"line":16,"column":4},"end":{"line":16,"column":20}},"9":{"start":{"line":17,"column":4},"end":{"line":17,"column":38}},"10":{"start":{"line":21,"column":4},"end":{"line":25,"column":5}},"11":{"start":{"line":22,"column":6},"end":{"line":22,"column":88}},"12":{"start":{"line":24,"column":6},"end":{"line":24,"column":19}},"13":{"start":{"line":26,"column":4},"end":{"line":26,"column":27}},"14":{"start":{"line":29,"column":28},"end":{"line":35,"column":3}},"15":{"start":{"line":30,"column":18},"end":{"line":30,"column":42}},"16":{"start":{"line":31,"column":4},"end":{"line":31,"column":20}},"17":{"start":{"line":32,"column":4},"end":{"line":32,"column":30}},"18":{"start":{"line":33,"column":4},"end":{"line":33,"column":26}},"19":{"start":{"line":34,"column":4},"end":{"line":34,"column":20}},"20":{"start":{"line":38,"column":2},"end":{"line":40,"column":26}},"21":{"start":{"line":39,"column":4},"end":{"line":39,"column":33}},"22":{"start":{"line":42,"column":2},"end":{"line":66,"column":3}},"23":{"start":{"line":49,"column":23},"end":{"line":49,"column":47}},"24":{"start":{"line":54,"column":10},"end":{"line":57,"column":28}}},"fnMap":{"0":{"name":"(anonymous_0)","decl":{"start":{"line":4,"column":19},"end":{"line":4,"column":20}},"loc":{"start":{"line":4,"column":71},"end":{"line":68,"column":1}},"line":4},"1":{"name":"(anonymous_1)","decl":{"start":{"line":9,"column":29},"end":{"line":9,"column":30}},"loc":{"start":{"line":9,"column":40},"end":{"line":27,"column":3}},"line":9},"2":{"name":"(anonymous_2)","decl":{"start":{"line":11,"column":65},"end":{"line":11,"column":66}},"loc":{"start":{"line":11,"column":79},"end":{"line":13,"column":5}},"line":11},"3":{"name":"(anonymous_3)","decl":{"start":{"line":29,"column":28},"end":{"line":29,"column":29}},"loc":{"start":{"line":29,"column":39},"end":{"line":35,"column":3}},"line":29},"4":{"name":"(anonymous_4)","decl":{"start":{"line":38,"column":12},"end":{"line":38,"column":13}},"loc":{"start":{"line":38,"column":18},"end":{"line":40,"column":3}},"line":38},"5":{"name":"(anonymous_5)","decl":{"start":{"line":49,"column":17},"end":{"line":49,"column":18}},"loc":{"start":{"line":49,"column":23},"end":{"line":49,"column":47}},"line":49},"6":{"name":"(anonymous_6)","decl":{"start":{"line":53,"column":25},"end":{"line":53,"column":26}},"loc":{"start":{"line":53,"column":41},"end":{"line":58,"column":9}},"line":53}},"branchMap":{"0":{"loc":{"start":{"line":11,"column":30},"end":{"line":13,"column":11}},"type":"cond-expr","locations":[{"start":{"line":11,"column":45},"end":{"line":13,"column":6}},{"start":{"line":13,"column":9},"end":{"line":13,"column":11}}],"line":11},"1":{"loc":{"start":{"line":21,"column":4},"end":{"line":25,"column":5}},"type":"if","locations":[{"start":{"line":21,"column":4},"end":{"line":25,"column":5}},{"start":{"line":23,"column":11},"end":{"line":25,"column":5}}],"line":21},"2":{"loc":{"start":{"line":52,"column":7},"end":{"line":64,"column":14}},"type":"cond-expr","locations":[{"start":{"line":52,"column":25},"end":{"line":63,"column":11}},{"start":{"line":64,"column":10},"end":{"line":64,"column":14}}],"line":52}},"s":{"0":4,"1":44,"2":44,"3":44,"4":44,"5":12,"6":12,"7":24,"8":12,"9":12,"10":12,"11":0,"12":12,"13":12,"14":44,"15":1,"16":1,"17":1,"18":1,"19":1,"20":44,"21":7,"22":44,"23":3,"24":16},"f":{"0":44,"1":12,"2":24,"3":1,"4":7,"5":3,"6":16},"b":{"0":[12,0],"1":[0,12],"2":[15,29]},"_coverageSchema":"1a1c01bbd47fc00a2c39e90264f33305004495a9","hash":"1e479280048bcc076689d6c128175861d85102bd"}
,"C:\\Users\\nicki\\meet2\\src\\components\\Event.jsx": {"path":"C:\\Users\\nicki\\meet2\\src\\components\\Event.jsx","statementMap":{"0":{"start":{"line":3,"column":14},"end":{"line":33,"column":1}},"1":{"start":{"line":5,"column":40},"end":{"line":5,"column":55}},"2":{"start":{"line":6,"column":23},"end":{"line":6,"column":37}},"3":{"start":{"line":7,"column":20},"end":{"line":7,"column":34}},"4":{"start":{"line":8,"column":24},"end":{"line":8,"column":39}},"5":{"start":{"line":9,"column":27},"end":{"line":9,"column":45}},"6":{"start":{"line":10,"column":29},"end":{"line":13,"column":3}},"7":{"start":{"line":11,"column":4},"end":{"line":11,"column":36}},"8":{"start":{"line":11,"column":29},"end":{"line":11,"column":34}},"9":{"start":{"line":14,"column":2},"end":{"line":32,"column":3}}},"fnMap":{"0":{"name":"(anonymous_0)","decl":{"start":{"line":3,"column":14},"end":{"line":3,"column":15}},"loc":{"start":{"line":3,"column":27},"end":{"line":33,"column":1}},"line":3},"1":{"name":"(anonymous_1)","decl":{"start":{"line":10,"column":29},"end":{"line":10,"column":30}},"loc":{"start":{"line":10,"column":35},"end":{"line":13,"column":3}},"line":10},"2":{"name":"(anonymous_2)","decl":{"start":{"line":11,"column":19},"end":{"line":11,"column":20}},"loc":{"start":{"line":11,"column":29},"end":{"line":11,"column":34}},"line":11}},"branchMap":{"0":{"loc":{"start":{"line":22,"column":9},"end":{"line":22,"column":54}},"type":"cond-expr","locations":[{"start":{"line":22,"column":23},"end":{"line":22,"column":37}},{"start":{"line":22,"column":40},"end":{"line":22,"column":54}}],"line":22},"1":{"loc":{"start":{"line":24,"column":7},"end":{"line":30,"column":7}},"type":"binary-expr","locations":[{"start":{"line":24,"column":7},"end":{"line":24,"column":18}},{"start":{"line":25,"column":8},"end":{"line":29,"column":14}}],"line":24}},"s":{"0":5,"1":42,"2":42,"3":42,"4":42,"5":42,"6":42,"7":3,"8":3,"9":42},"f":{"0":42,"1":3,"2":3},"b":{"0":[2,40],"1":[42,2]},"_coverageSchema":"1a1c01bbd47fc00a2c39e90264f33305004495a9","hash":"0a436b400d54069e78a3defe5327f81d938cf8b3"}
,"C:\\Users\\nicki\\meet2\\src\\components\\EventGenresChart.jsx": {"path":"C:\\Users\\nicki\\meet2\\src\\components\\EventGenresChart.jsx","statementMap":{"0":{"start":{"line":4,"column":25},"end":{"line":66,"column":1}},"1":{"start":{"line":5,"column":26},"end":{"line":5,"column":38}},"2":{"start":{"line":6,"column":17},"end":{"line":6,"column":69}},"3":{"start":{"line":8,"column":2},"end":{"line":10,"column":20}},"4":{"start":{"line":9,"column":4},"end":{"line":9,"column":23}},"5":{"start":{"line":12,"column":18},"end":{"line":23,"column":3}},"6":{"start":{"line":13,"column":17},"end":{"line":21,"column":6}},"7":{"start":{"line":14,"column":29},"end":{"line":16,"column":7}},"8":{"start":{"line":15,"column":8},"end":{"line":15,"column":37}},"9":{"start":{"line":17,"column":6},"end":{"line":20,"column":8}},"10":{"start":{"line":22,"column":4},"end":{"line":22,"column":16}},"11":{"start":{"line":25,"column":32},"end":{"line":48,"column":3}},"12":{"start":{"line":33,"column":19},"end":{"line":33,"column":32}},"13":{"start":{"line":34,"column":19},"end":{"line":34,"column":30}},"14":{"start":{"line":35,"column":14},"end":{"line":35,"column":63}},"15":{"start":{"line":36,"column":14},"end":{"line":36,"column":63}},"16":{"start":{"line":37,"column":4},"end":{"line":47,"column":13}},"17":{"start":{"line":50,"column":2},"end":{"line":65,"column":4}}},"fnMap":{"0":{"name":"(anonymous_0)","decl":{"start":{"line":4,"column":25},"end":{"line":4,"column":26}},"loc":{"start":{"line":4,"column":41},"end":{"line":66,"column":1}},"line":4},"1":{"name":"(anonymous_1)","decl":{"start":{"line":8,"column":12},"end":{"line":8,"column":13}},"loc":{"start":{"line":8,"column":18},"end":{"line":10,"column":3}},"line":8},"2":{"name":"(anonymous_2)","decl":{"start":{"line":12,"column":18},"end":{"line":12,"column":19}},"loc":{"start":{"line":12,"column":24},"end":{"line":23,"column":3}},"line":12},"3":{"name":"(anonymous_3)","decl":{"start":{"line":13,"column":28},"end":{"line":13,"column":29}},"loc":{"start":{"line":13,"column":39},"end":{"line":21,"column":5}},"line":13},"4":{"name":"(anonymous_4)","decl":{"start":{"line":14,"column":43},"end":{"line":14,"column":44}},"loc":{"start":{"line":15,"column":8},"end":{"line":15,"column":37}},"line":15},"5":{"name":"(anonymous_5)","decl":{"start":{"line":25,"column":32},"end":{"line":25,"column":33}},"loc":{"start":{"line":32,"column":8},"end":{"line":48,"column":3}},"line":32}},"branchMap":{"0":{"loc":{"start":{"line":37,"column":11},"end":{"line":47,"column":12}},"type":"cond-expr","locations":[{"start":{"line":38,"column":6},"end":{"line":46,"column":13}},{"start":{"line":47,"column":8},"end":{"line":47,"column":12}}],"line":37},"1":{"loc":{"start":{"line":42,"column":20},"end":{"line":42,"column":44}},"type":"cond-expr","locations":[{"start":{"line":42,"column":29},"end":{"line":42,"column":36}},{"start":{"line":42,"column":39},"end":{"line":42,"column":44}}],"line":42}},"s":{"0":4,"1":14,"2":14,"3":14,"4":0,"5":14,"6":0,"7":0,"8":0,"9":0,"10":0,"11":14,"12":0,"13":0,"14":0,"15":0,"16":0,"17":14},"f":{"0":14,"1":0,"2":0,"3":0,"4":0,"5":0},"b":{"0":[0,0],"1":[0,0]},"_coverageSchema":"1a1c01bbd47fc00a2c39e90264f33305004495a9","hash":"c928af63c8b73c2e6fde3ec9900e13fa0fe988ae"}
,"C:\\Users\\nicki\\meet2\\src\\components\\EventList.jsx": {"path":"C:\\Users\\nicki\\meet2\\src\\components\\EventList.jsx","statementMap":{"0":{"start":{"line":6,"column":18},"end":{"line":16,"column":1}},"1":{"start":{"line":7,"column":2},"end":{"line":15,"column":4}},"2":{"start":{"line":10,"column":8},"end":{"line":13,"column":10}}},"fnMap":{"0":{"name":"(anonymous_0)","decl":{"start":{"line":6,"column":18},"end":{"line":6,"column":19}},"loc":{"start":{"line":6,"column":34},"end":{"line":16,"column":1}},"line":6},"1":{"name":"(anonymous_1)","decl":{"start":{"line":9,"column":27},"end":{"line":9,"column":28}},"loc":{"start":{"line":10,"column":8},"end":{"line":13,"column":10}},"line":10}},"branchMap":{"0":{"loc":{"start":{"line":9,"column":7},"end":{"line":13,"column":18}},"type":"cond-expr","locations":[{"start":{"line":9,"column":16},"end":{"line":13,"column":11}},{"start":{"line":13,"column":14},"end":{"line":13,"column":18}}],"line":9}},"s":{"0":4,"1":3,"2":35},"f":{"0":3,"1":35},"b":{"0":[1,2]},"_coverageSchema":"1a1c01bbd47fc00a2c39e90264f33305004495a9","hash":"1ed05de06b4171762606322491d77852ef6ca75d"}
,"C:\\Users\\nicki\\meet2\\src\\components\\NumberOfEvents.jsx": {"path":"C:\\Users\\nicki\\meet2\\src\\components\\NumberOfEvents.jsx","statementMap":{"0":{"start":{"line":3,"column":23},"end":{"line":35,"column":1}},"1":{"start":{"line":4,"column":40},"end":{"line":4,"column":52}},"2":{"start":{"line":6,"column":28},"end":{"line":20,"column":3}},"3":{"start":{"line":7,"column":18},"end":{"line":7,"column":44}},"4":{"start":{"line":8,"column":4},"end":{"line":8,"column":26}},"5":{"start":{"line":11,"column":4},"end":{"line":18,"column":5}},"6":{"start":{"line":12,"column":6},"end":{"line":12,"column":66}},"7":{"start":{"line":13,"column":11},"end":{"line":18,"column":5}},"8":{"start":{"line":14,"column":6},"end":{"line":14,"column":50}},"9":{"start":{"line":16,"column":6},"end":{"line":16,"column":20}},"10":{"start":{"line":17,"column":6},"end":{"line":17,"column":27}},"11":{"start":{"line":19,"column":4},"end":{"line":19,"column":28}},"12":{"start":{"line":22,"column":2},"end":{"line":34,"column":4}}},"fnMap":{"0":{"name":"(anonymous_0)","decl":{"start":{"line":3,"column":23},"end":{"line":3,"column":24}},"loc":{"start":{"line":3,"column":61},"end":{"line":35,"column":1}},"line":3},"1":{"name":"(anonymous_1)","decl":{"start":{"line":6,"column":28},"end":{"line":6,"column":29}},"loc":{"start":{"line":6,"column":39},"end":{"line":20,"column":3}},"line":6}},"branchMap":{"0":{"loc":{"start":{"line":11,"column":4},"end":{"line":18,"column":5}},"type":"if","locations":[{"start":{"line":11,"column":4},"end":{"line":18,"column":5}},{"start":{"line":13,"column":11},"end":{"line":18,"column":5}}],"line":11},"1":{"loc":{"start":{"line":13,"column":11},"end":{"line":18,"column":5}},"type":"if","locations":[{"start":{"line":13,"column":11},"end":{"line":18,"column":5}},{"start":{"line":15,"column":11},"end":{"line":18,"column":5}}],"line":13}},"s":{"0":4,"1":21,"2":21,"3":4,"4":4,"5":4,"6":1,"7":3,"8":0,"9":3,"10":3,"11":4,"12":21},"f":{"0":21,"1":4},"b":{"0":[1,3],"1":[0,3]},"_coverageSchema":"1a1c01bbd47fc00a2c39e90264f33305004495a9","hash":"6f929795f9d63f9a9b4dd924db8c13a1507176e7"}
}
