{"C:\\Users\\nicki\\meet2\\src\\App.jsx": {"path":"C:\\Users\\nicki\\meet2\\src\\App.jsx","statementMap":{"0":{"start":{"line":13,"column":12},"end":{"line":89,"column":1}},"1":{"start":{"line":14,"column":30},"end":{"line":14,"column":42}},"2":{"start":{"line":15,"column":38},"end":{"line":15,"column":50}},"3":{"start":{"line":16,"column":42},"end":{"line":16,"column":54}},"4":{"start":{"line":17,"column":40},"end":{"line":17,"column":66}},"5":{"start":{"line":18,"column":36},"end":{"line":18,"column":48}},"6":{"start":{"line":19,"column":38},"end":{"line":19,"column":50}},"7":{"start":{"line":20,"column":42},"end":{"line":20,"column":54}},"8":{"start":{"line":22,"column":20},"end":{"line":35,"column":3}},"9":{"start":{"line":23,"column":4},"end":{"line":34,"column":5}},"10":{"start":{"line":24,"column":24},"end":{"line":24,"column":41}},"11":{"start":{"line":26,"column":8},"end":{"line":28,"column":71}},"12":{"start":{"line":28,"column":40},"end":{"line":28,"column":70}},"13":{"start":{"line":29,"column":6},"end":{"line":29,"column":53}},"14":{"start":{"line":30,"column":6},"end":{"line":30,"column":51}},"15":{"start":{"line":31,"column":6},"end":{"line":31,"column":24}},"16":{"start":{"line":33,"column":6},"end":{"line":33,"column":70}},"17":{"start":{"line":38,"column":2},"end":{"line":40,"column":32}},"18":{"start":{"line":39,"column":4},"end":{"line":39,"column":16}},"19":{"start":{"line":43,"column":2},"end":{"line":60,"column":9}},"20":{"start":{"line":44,"column":25},"end":{"line":44,"column":50}},"21":{"start":{"line":44,"column":31},"end":{"line":44,"column":50}},"22":{"start":{"line":45,"column":26},"end":{"line":46,"column":79}},"23":{"start":{"line":46,"column":6},"end":{"line":46,"column":79}},"24":{"start":{"line":49,"column":4},"end":{"line":51,"column":5}},"25":{"start":{"line":50,"column":6},"end":{"line":50,"column":22}},"26":{"start":{"line":53,"column":4},"end":{"line":53,"column":52}},"27":{"start":{"line":54,"column":4},"end":{"line":54,"column":54}},"28":{"start":{"line":56,"column":4},"end":{"line":59,"column":6}},"29":{"start":{"line":57,"column":6},"end":{"line":57,"column":57}},"30":{"start":{"line":58,"column":6},"end":{"line":58,"column":59}},"31":{"start":{"line":62,"column":2},"end":{"line":88,"column":4}}},"fnMap":{"0":{"name":"(anonymous_0)","decl":{"start":{"line":13,"column":12},"end":{"line":13,"column":13}},"loc":{"start":{"line":13,"column":18},"end":{"line":89,"column":1}},"line":13},"1":{"name":"(anonymous_1)","decl":{"start":{"line":22,"column":20},"end":{"line":22,"column":21}},"loc":{"start":{"line":22,"column":32},"end":{"line":35,"column":3}},"line":22},"2":{"name":"(anonymous_2)","decl":{"start":{"line":28,"column":29},"end":{"line":28,"column":30}},"loc":{"start":{"line":28,"column":40},"end":{"line":28,"column":70}},"line":28},"3":{"name":"(anonymous_3)","decl":{"start":{"line":38,"column":12},"end":{"line":38,"column":13}},"loc":{"start":{"line":38,"column":18},"end":{"line":40,"column":3}},"line":38},"4":{"name":"(anonymous_4)","decl":{"start":{"line":43,"column":12},"end":{"line":43,"column":13}},"loc":{"start":{"line":43,"column":18},"end":{"line":60,"column":3}},"line":43},"5":{"name":"(anonymous_5)","decl":{"start":{"line":44,"column":25},"end":{"line":44,"column":26}},"loc":{"start":{"line":44,"column":31},"end":{"line":44,"column":50}},"line":44},"6":{"name":"(anonymous_6)","decl":{"start":{"line":45,"column":26},"end":{"line":45,"column":27}},"loc":{"start":{"line":46,"column":6},"end":{"line":46,"column":79}},"line":46},"7":{"name":"(anonymous_7)","decl":{"start":{"line":56,"column":11},"end":{"line":56,"column":12}},"loc":{"start":{"line":56,"column":17},"end":{"line":59,"column":5}},"line":56}},"branchMap":{"0":{"loc":{"start":{"line":26,"column":8},"end":{"line":28,"column":71}},"type":"cond-expr","locations":[{"start":{"line":27,"column":12},"end":{"line":27,"column":21}},{"start":{"line":28,"column":12},"end":{"line":28,"column":71}}],"line":26},"1":{"loc":{"start":{"line":49,"column":4},"end":{"line":51,"column":5}},"type":"if","locations":[{"start":{"line":49,"column":4},"end":{"line":51,"column":5}},{"start":{},"end":{}}],"line":49},"2":{"loc":{"start":{"line":65,"column":9},"end":{"line":65,"column":52}},"type":"binary-expr","locations":[{"start":{"line":65,"column":9},"end":{"line":65,"column":18}},{"start":{"line":65,"column":22},"end":{"line":65,"column":52}}],"line":65},"3":{"loc":{"start":{"line":66,"column":9},"end":{"line":66,"column":55}},"type":"binary-expr","locations":[{"start":{"line":66,"column":9},"end":{"line":66,"column":19}},{"start":{"line":66,"column":23},"end":{"line":66,"column":55}}],"line":66},"4":{"loc":{"start":{"line":67,"column":9},"end":{"line":67,"column":61}},"type":"binary-expr","locations":[{"start":{"line":67,"column":9},"end":{"line":67,"column":21}},{"start":{"line":67,"column":25},"end":{"line":67,"column":61}}],"line":67}},"s":{"0":3,"1":11,"2":8,"3":8,"4":8,"5":8,"6":8,"7":8,"8":8,"9":8,"10":8,"11":8,"12":0,"13":8,"14":8,"15":8,"16":0,"17":8,"18":8,"19":8,"20":8,"21":0,"22":8,"23":0,"24":8,"25":0,"26":8,"27":8,"28":8,"29":8,"30":8,"31":8},"f":{"0":11,"1":8,"2":0,"3":8,"4":8,"5":0,"6":0,"7":8},"b":{"0":[8,0],"1":[0,8],"2":[8,0],"3":[8,0],"4":[8,0]},"_coverageSchema":"1a1c01bbd47fc00a2c39e90264f33305004495a9","hash":"186b3f3d8b9842579dde07208fe21ff111365b12"}
,"C:\\Users\\nicki\\meet2\\src\\api.js": {"path":"C:\\Users\\nicki\\meet2\\src\\api.js","statementMap":{"0":{"start":{"line":7,"column":26},"end":{"line":10,"column":1}},"1":{"start":{"line":8,"column":18},"end":{"line":8,"column":104}},"2":{"start":{"line":9,"column":2},"end":{"line":9,"column":69}},"3":{"start":{"line":15,"column":32},"end":{"line":18,"column":1}},"4":{"start":{"line":16,"column":20},"end":{"line":16,"column":71}},"5":{"start":{"line":16,"column":54},"end":{"line":16,"column":68}},"6":{"start":{"line":17,"column":2},"end":{"line":17,"column":19}},"7":{"start":{"line":23,"column":17},"end":{"line":50,"column":1}},"8":{"start":{"line":24,"column":2},"end":{"line":49,"column":3}},"9":{"start":{"line":25,"column":23},"end":{"line":25,"column":47}},"10":{"start":{"line":26,"column":21},"end":{"line":36,"column":5}},"11":{"start":{"line":38,"column":4},"end":{"line":40,"column":5}},"12":{"start":{"line":39,"column":6},"end":{"line":39,"column":64}},"13":{"start":{"line":42,"column":29},"end":{"line":42,"column":50}},"14":{"start":{"line":43,"column":4},"end":{"line":46,"column":5}},"15":{"start":{"line":44,"column":6},"end":{"line":44,"column":57}},"16":{"start":{"line":45,"column":6},"end":{"line":45,"column":26}},"17":{"start":{"line":48,"column":4},"end":{"line":48,"column":50}},"18":{"start":{"line":55,"column":19},"end":{"line":60,"column":1}},"19":{"start":{"line":56,"column":19},"end":{"line":58,"column":3}},"20":{"start":{"line":59,"column":2},"end":{"line":59,"column":31}},"21":{"start":{"line":65,"column":30},"end":{"line":87,"column":1}},"22":{"start":{"line":66,"column":22},"end":{"line":66,"column":58}},"23":{"start":{"line":67,"column":21},"end":{"line":67,"column":67}},"24":{"start":{"line":69,"column":2},"end":{"line":84,"column":3}},"25":{"start":{"line":70,"column":4},"end":{"line":70,"column":44}},"26":{"start":{"line":71,"column":25},"end":{"line":71,"column":68}},"27":{"start":{"line":72,"column":17},"end":{"line":72,"column":41}},"28":{"start":{"line":74,"column":4},"end":{"line":81,"column":5}},"29":{"start":{"line":75,"column":23},"end":{"line":77,"column":7}},"30":{"start":{"line":78,"column":26},"end":{"line":78,"column":47}},"31":{"start":{"line":79,"column":6},"end":{"line":79,"column":37}},"32":{"start":{"line":80,"column":6},"end":{"line":80,"column":13}},"33":{"start":{"line":83,"column":4},"end":{"line":83,"column":34}},"34":{"start":{"line":86,"column":2},"end":{"line":86,"column":21}},"35":{"start":{"line":92,"column":20},"end":{"line":97,"column":1}},"36":{"start":{"line":93,"column":17},"end":{"line":95,"column":60}},"37":{"start":{"line":96,"column":2},"end":{"line":96,"column":43}},"38":{"start":{"line":102,"column":25},"end":{"line":134,"column":1}},"39":{"start":{"line":103,"column":2},"end":{"line":103,"column":20}},"40":{"start":{"line":106,"column":2},"end":{"line":109,"column":3}},"41":{"start":{"line":107,"column":4},"end":{"line":107,"column":21}},"42":{"start":{"line":108,"column":4},"end":{"line":108,"column":20}},"43":{"start":{"line":111,"column":2},"end":{"line":115,"column":3}},"44":{"start":{"line":112,"column":19},"end":{"line":112,"column":53}},"45":{"start":{"line":113,"column":4},"end":{"line":113,"column":21}},"46":{"start":{"line":114,"column":4},"end":{"line":114,"column":44}},"47":{"start":{"line":117,"column":16},"end":{"line":117,"column":38}},"48":{"start":{"line":119,"column":2},"end":{"line":130,"column":3}},"49":{"start":{"line":120,"column":4},"end":{"line":120,"column":18}},"50":{"start":{"line":121,"column":16},"end":{"line":121,"column":109}},"51":{"start":{"line":122,"column":21},"end":{"line":122,"column":37}},"52":{"start":{"line":123,"column":19},"end":{"line":123,"column":40}},"53":{"start":{"line":125,"column":4},"end":{"line":129,"column":5}},"54":{"start":{"line":126,"column":6},"end":{"line":126,"column":72}},"55":{"start":{"line":127,"column":6},"end":{"line":127,"column":23}},"56":{"start":{"line":128,"column":6},"end":{"line":128,"column":27}},"57":{"start":{"line":132,"column":2},"end":{"line":132,"column":19}},"58":{"start":{"line":133,"column":2},"end":{"line":133,"column":12}},"59":{"start":{"line":139,"column":31},"end":{"line":147,"column":1}},"60":{"start":{"line":140,"column":2},"end":{"line":146,"column":6}},"61":{"start":{"line":140,"column":32},"end":{"line":146,"column":3}}},"fnMap":{"0":{"name":"(anonymous_0)","decl":{"start":{"line":7,"column":26},"end":{"line":7,"column":27}},"loc":{"start":{"line":7,"column":42},"end":{"line":10,"column":1}},"line":7},"1":{"name":"(anonymous_1)","decl":{"start":{"line":15,"column":32},"end":{"line":15,"column":33}},"loc":{"start":{"line":15,"column":44},"end":{"line":18,"column":1}},"line":15},"2":{"name":"(anonymous_2)","decl":{"start":{"line":16,"column":43},"end":{"line":16,"column":44}},"loc":{"start":{"line":16,"column":54},"end":{"line":16,"column":68}},"line":16},"3":{"name":"(anonymous_3)","decl":{"start":{"line":23,"column":17},"end":{"line":23,"column":18}},"loc":{"start":{"line":23,"column":33},"end":{"line":50,"column":1}},"line":23},"4":{"name":"(anonymous_4)","decl":{"start":{"line":55,"column":19},"end":{"line":55,"column":20}},"loc":{"start":{"line":55,"column":42},"end":{"line":60,"column":1}},"line":55},"5":{"name":"(anonymous_5)","decl":{"start":{"line":65,"column":30},"end":{"line":65,"column":31}},"loc":{"start":{"line":65,"column":42},"end":{"line":87,"column":1}},"line":65},"6":{"name":"(anonymous_6)","decl":{"start":{"line":92,"column":20},"end":{"line":92,"column":21}},"loc":{"start":{"line":92,"column":26},"end":{"line":97,"column":1}},"line":92},"7":{"name":"(anonymous_7)","decl":{"start":{"line":102,"column":25},"end":{"line":102,"column":26}},"loc":{"start":{"line":102,"column":37},"end":{"line":134,"column":1}},"line":102},"8":{"name":"(anonymous_8)","decl":{"start":{"line":139,"column":31},"end":{"line":139,"column":32}},"loc":{"start":{"line":139,"column":43},"end":{"line":147,"column":1}},"line":139},"9":{"name":"(anonymous_9)","decl":{"start":{"line":140,"column":20},"end":{"line":140,"column":21}},"loc":{"start":{"line":140,"column":32},"end":{"line":146,"column":3}},"line":140}},"branchMap":{"0":{"loc":{"start":{"line":38,"column":4},"end":{"line":40,"column":5}},"type":"if","locations":[{"start":{"line":38,"column":4},"end":{"line":40,"column":5}},{"start":{},"end":{}}],"line":38},"1":{"loc":{"start":{"line":43,"column":4},"end":{"line":46,"column":5}},"type":"if","locations":[{"start":{"line":43,"column":4},"end":{"line":46,"column":5}},{"start":{},"end":{}}],"line":43},"2":{"loc":{"start":{"line":67,"column":21},"end":{"line":67,"column":67}},"type":"binary-expr","locations":[{"start":{"line":67,"column":21},"end":{"line":67,"column":32}},{"start":{"line":67,"column":37},"end":{"line":67,"column":66}}],"line":67},"3":{"loc":{"start":{"line":69,"column":2},"end":{"line":84,"column":3}},"type":"if","locations":[{"start":{"line":69,"column":2},"end":{"line":84,"column":3}},{"start":{},"end":{}}],"line":69},"4":{"loc":{"start":{"line":69,"column":6},"end":{"line":69,"column":39}},"type":"binary-expr","locations":[{"start":{"line":69,"column":6},"end":{"line":69,"column":18}},{"start":{"line":69,"column":22},"end":{"line":69,"column":39}}],"line":69},"5":{"loc":{"start":{"line":74,"column":4},"end":{"line":81,"column":5}},"type":"if","locations":[{"start":{"line":74,"column":4},"end":{"line":81,"column":5}},{"start":{},"end":{}}],"line":74},"6":{"loc":{"start":{"line":83,"column":11},"end":{"line":83,"column":33}},"type":"binary-expr","locations":[{"start":{"line":83,"column":11},"end":{"line":83,"column":15}},{"start":{"line":83,"column":19},"end":{"line":83,"column":33}}],"line":83},"7":{"loc":{"start":{"line":93,"column":17},"end":{"line":95,"column":60}},"type":"cond-expr","locations":[{"start":{"line":94,"column":6},"end":{"line":94,"column":87}},{"start":{"line":95,"column":6},"end":{"line":95,"column":60}}],"line":93},"8":{"loc":{"start":{"line":106,"column":2},"end":{"line":109,"column":3}},"type":"if","locations":[{"start":{"line":106,"column":2},"end":{"line":109,"column":3}},{"start":{},"end":{}}],"line":106},"9":{"loc":{"start":{"line":111,"column":2},"end":{"line":115,"column":3}},"type":"if","locations":[{"start":{"line":111,"column":2},"end":{"line":115,"column":3}},{"start":{},"end":{}}],"line":111},"10":{"loc":{"start":{"line":114,"column":11},"end":{"line":114,"column":43}},"type":"cond-expr","locations":[{"start":{"line":114,"column":20},"end":{"line":114,"column":38}},{"start":{"line":114,"column":41},"end":{"line":114,"column":43}}],"line":114},"11":{"loc":{"start":{"line":119,"column":2},"end":{"line":130,"column":3}},"type":"if","locations":[{"start":{"line":119,"column":2},"end":{"line":130,"column":3}},{"start":{},"end":{}}],"line":119},"12":{"loc":{"start":{"line":125,"column":4},"end":{"line":129,"column":5}},"type":"if","locations":[{"start":{"line":125,"column":4},"end":{"line":129,"column":5}},{"start":{},"end":{}}],"line":125}},"s":{"0":3,"1":0,"2":0,"3":3,"4":8,"5":280,"6":8,"7":3,"8":0,"9":0,"10":0,"11":0,"12":0,"13":0,"14":0,"15":0,"16":0,"17":0,"18":3,"19":0,"20":0,"21":3,"22":0,"23":0,"24":0,"25":0,"26":0,"27":0,"28":0,"29":0,"30":0,"31":0,"32":0,"33":0,"34":0,"35":3,"36":0,"37":0,"38":3,"39":8,"40":8,"41":8,"42":8,"43":0,"44":0,"45":0,"46":0,"47":0,"48":0,"49":0,"50":0,"51":0,"52":0,"53":0,"54":0,"55":0,"56":0,"57":0,"58":0,"59":3,"60":0,"61":0},"f":{"0":0,"1":8,"2":280,"3":0,"4":0,"5":0,"6":0,"7":8,"8":0,"9":0},"b":{"0":[0,0],"1":[0,0],"2":[0,0],"3":[0,0],"4":[0,0],"5":[0,0],"6":[0,0],"7":[0,0],"8":[8,0],"9":[0,0],"10":[0,0],"11":[0,0],"12":[0,0]},"_coverageSchema":"1a1c01bbd47fc00a2c39e90264f33305004495a9","hash":"999ef84fad4b183fe8d718c600967499803c312d"}
,"C:\\Users\\nicki\\meet2\\src\\mock-data.js": {"path":"C:\\Users\\nicki\\meet2\\src\\mock-data.js","statementMap":{"0":{"start":{"line":3,"column":17},"end":{"line":1369,"column":1}}},"fnMap":{},"branchMap":{},"s":{"0":3},"f":{},"b":{},"_coverageSchema":"1a1c01bbd47fc00a2c39e90264f33305004495a9","hash":"8093d2fc8fa829a3c7ed61e336f2ced8c26709c1"}
,"C:\\Users\\nicki\\meet2\\src\\components\\Alert.jsx": {"path":"C:\\Users\\nicki\\meet2\\src\\components\\Alert.jsx","statementMap":{"0":{"start":{"line":6,"column":4},"end":{"line":6,"column":17}},"1":{"start":{"line":7,"column":4},"end":{"line":7,"column":22}},"2":{"start":{"line":8,"column":4},"end":{"line":8,"column":24}},"3":{"start":{"line":12,"column":13},"end":{"line":26,"column":3}},"4":{"start":{"line":13,"column":4},"end":{"line":25,"column":6}},"5":{"start":{"line":30,"column":4},"end":{"line":34,"column":6}},"6":{"start":{"line":40,"column":4},"end":{"line":40,"column":17}},"7":{"start":{"line":41,"column":4},"end":{"line":41,"column":34}},"8":{"start":{"line":42,"column":4},"end":{"line":42,"column":40}},"9":{"start":{"line":49,"column":4},"end":{"line":49,"column":17}},"10":{"start":{"line":50,"column":4},"end":{"line":50,"column":23}},"11":{"start":{"line":51,"column":4},"end":{"line":51,"column":40}},"12":{"start":{"line":57,"column":4},"end":{"line":57,"column":17}},"13":{"start":{"line":58,"column":4},"end":{"line":58,"column":26}},"14":{"start":{"line":59,"column":4},"end":{"line":59,"column":40}}},"fnMap":{"0":{"name":"(anonymous_0)","decl":{"start":{"line":5,"column":2},"end":{"line":5,"column":3}},"loc":{"start":{"line":5,"column":21},"end":{"line":9,"column":3}},"line":5},"1":{"name":"(anonymous_1)","decl":{"start":{"line":12,"column":13},"end":{"line":12,"column":14}},"loc":{"start":{"line":12,"column":19},"end":{"line":26,"column":3}},"line":12},"2":{"name":"(anonymous_2)","decl":{"start":{"line":29,"column":2},"end":{"line":29,"column":3}},"loc":{"start":{"line":29,"column":11},"end":{"line":35,"column":3}},"line":29},"3":{"name":"(anonymous_3)","decl":{"start":{"line":39,"column":2},"end":{"line":39,"column":3}},"loc":{"start":{"line":39,"column":21},"end":{"line":43,"column":3}},"line":39},"4":{"name":"(anonymous_4)","decl":{"start":{"line":48,"column":2},"end":{"line":48,"column":3}},"loc":{"start":{"line":48,"column":21},"end":{"line":52,"column":3}},"line":48},"5":{"name":"(anonymous_5)","decl":{"start":{"line":56,"column":2},"end":{"line":56,"column":3}},"loc":{"start":{"line":56,"column":21},"end":{"line":60,"column":3}},"line":56}},"branchMap":{},"s":{"0":0,"1":0,"2":0,"3":0,"4":0,"5":0,"6":0,"7":0,"8":0,"9":0,"10":0,"11":0,"12":0,"13":0,"14":0},"f":{"0":0,"1":0,"2":0,"3":0,"4":0,"5":0},"b":{},"_coverageSchema":"1a1c01bbd47fc00a2c39e90264f33305004495a9","hash":"ae81f073b9e82f78b389f16b44ac551fcdc2cb2c"}
,"C:\\Users\\nicki\\meet2\\src\\components\\CityEventsChart.jsx": {"path":"C:\\Users\\nicki\\meet2\\src\\components\\CityEventsChart.jsx","statementMap":{"0":{"start":{"line":11,"column":24},"end":{"line":48,"column":1}},"1":{"start":{"line":12,"column":26},"end":{"line":12,"column":38}},"2":{"start":{"line":14,"column":2},"end":{"line":16,"column":20}},"3":{"start":{"line":15,"column":4},"end":{"line":15,"column":23}},"4":{"start":{"line":18,"column":18},"end":{"line":25,"column":3}},"5":{"start":{"line":19,"column":17},"end":{"line":23,"column":6}},"6":{"start":{"line":20,"column":18},"end":{"line":20,"column":78}},"7":{"start":{"line":20,"column":43},"end":{"line":20,"column":70}},"8":{"start":{"line":21,"column":19},"end":{"line":21,"column":47}},"9":{"start":{"line":22,"column":6},"end":{"line":22,"column":29}},"10":{"start":{"line":24,"column":4},"end":{"line":24,"column":16}},"11":{"start":{"line":27,"column":2},"end":{"line":46,"column":4}}},"fnMap":{"0":{"name":"(anonymous_0)","decl":{"start":{"line":11,"column":24},"end":{"line":11,"column":25}},"loc":{"start":{"line":11,"column":54},"end":{"line":48,"column":1}},"line":11},"1":{"name":"(anonymous_1)","decl":{"start":{"line":14,"column":12},"end":{"line":14,"column":13}},"loc":{"start":{"line":14,"column":18},"end":{"line":16,"column":3}},"line":14},"2":{"name":"(anonymous_2)","decl":{"start":{"line":18,"column":18},"end":{"line":18,"column":19}},"loc":{"start":{"line":18,"column":24},"end":{"line":25,"column":3}},"line":18},"3":{"name":"(anonymous_3)","decl":{"start":{"line":19,"column":34},"end":{"line":19,"column":35}},"loc":{"start":{"line":19,"column":48},"end":{"line":23,"column":5}},"line":19},"4":{"name":"(anonymous_4)","decl":{"start":{"line":20,"column":32},"end":{"line":20,"column":33}},"loc":{"start":{"line":20,"column":43},"end":{"line":20,"column":70}},"line":20}},"branchMap":{},"s":{"0":3,"1":8,"2":8,"3":8,"4":8,"5":8,"6":0,"7":0,"8":0,"9":0,"10":8,"11":8},"f":{"0":8,"1":8,"2":8,"3":0,"4":0},"b":{},"_coverageSchema":"1a1c01bbd47fc00a2c39e90264f33305004495a9","hash":"da9d6c8e235a95e965eece5276ef7e3975b11b4f"}
,"C:\\Users\\nicki\\meet2\\src\\components\\CitySearch.jsx": {"path":"C:\\Users\\nicki\\meet2\\src\\components\\CitySearch.jsx","statementMap":{"0":{"start":{"line":4,"column":19},"end":{"line":68,"column":1}},"1":{"start":{"line":5,"column":48},"end":{"line":5,"column":63}},"2":{"start":{"line":6,"column":28},"end":{"line":6,"column":40}},"3":{"start":{"line":7,"column":40},"end":{"line":7,"column":52}},"4":{"start":{"line":9,"column":29},"end":{"line":27,"column":3}},"5":{"start":{"line":10,"column":18},"end":{"line":10,"column":36}},"6":{"start":{"line":11,"column":30},"end":{"line":13,"column":11}},"7":{"start":{"line":12,"column":6},"end":{"line":12,"column":70}},"8":{"start":{"line":16,"column":4},"end":{"line":16,"column":20}},"9":{"start":{"line":17,"column":4},"end":{"line":17,"column":38}},"10":{"start":{"line":21,"column":4},"end":{"line":25,"column":5}},"11":{"start":{"line":22,"column":6},"end":{"line":22,"column":88}},"12":{"start":{"line":24,"column":6},"end":{"line":24,"column":19}},"13":{"start":{"line":26,"column":4},"end":{"line":26,"column":27}},"14":{"start":{"line":29,"column":28},"end":{"line":35,"column":3}},"15":{"start":{"line":30,"column":18},"end":{"line":30,"column":42}},"16":{"start":{"line":31,"column":4},"end":{"line":31,"column":20}},"17":{"start":{"line":32,"column":4},"end":{"line":32,"column":30}},"18":{"start":{"line":33,"column":4},"end":{"line":33,"column":26}},"19":{"start":{"line":34,"column":4},"end":{"line":34,"column":20}},"20":{"start":{"line":38,"column":2},"end":{"line":40,"column":26}},"21":{"start":{"line":39,"column":4},"end":{"line":39,"column":33}},"22":{"start":{"line":42,"column":2},"end":{"line":66,"column":3}},"23":{"start":{"line":49,"column":23},"end":{"line":49,"column":47}},"24":{"start":{"line":54,"column":10},"end":{"line":57,"column":28}}},"fnMap":{"0":{"name":"(anonymous_0)","decl":{"start":{"line":4,"column":19},"end":{"line":4,"column":20}},"loc":{"start":{"line":4,"column":71},"end":{"line":68,"column":1}},"line":4},"1":{"name":"(anonymous_1)","decl":{"start":{"line":9,"column":29},"end":{"line":9,"column":30}},"loc":{"start":{"line":9,"column":40},"end":{"line":27,"column":3}},"line":9},"2":{"name":"(anonymous_2)","decl":{"start":{"line":11,"column":65},"end":{"line":11,"column":66}},"loc":{"start":{"line":11,"column":79},"end":{"line":13,"column":5}},"line":11},"3":{"name":"(anonymous_3)","decl":{"start":{"line":29,"column":28},"end":{"line":29,"column":29}},"loc":{"start":{"line":29,"column":39},"end":{"line":35,"column":3}},"line":29},"4":{"name":"(anonymous_4)","decl":{"start":{"line":38,"column":12},"end":{"line":38,"column":13}},"loc":{"start":{"line":38,"column":18},"end":{"line":40,"column":3}},"line":38},"5":{"name":"(anonymous_5)","decl":{"start":{"line":49,"column":17},"end":{"line":49,"column":18}},"loc":{"start":{"line":49,"column":23},"end":{"line":49,"column":47}},"line":49},"6":{"name":"(anonymous_6)","decl":{"start":{"line":53,"column":25},"end":{"line":53,"column":26}},"loc":{"start":{"line":53,"column":41},"end":{"line":58,"column":9}},"line":53}},"branchMap":{"0":{"loc":{"start":{"line":11,"column":30},"end":{"line":13,"column":11}},"type":"cond-expr","locations":[{"start":{"line":11,"column":45},"end":{"line":13,"column":6}},{"start":{"line":13,"column":9},"end":{"line":13,"column":11}}],"line":11},"1":{"loc":{"start":{"line":21,"column":4},"end":{"line":25,"column":5}},"type":"if","locations":[{"start":{"line":21,"column":4},"end":{"line":25,"column":5}},{"start":{"line":23,"column":11},"end":{"line":25,"column":5}}],"line":21},"2":{"loc":{"start":{"line":52,"column":7},"end":{"line":64,"column":14}},"type":"cond-expr","locations":[{"start":{"line":52,"column":25},"end":{"line":63,"column":11}},{"start":{"line":64,"column":10},"end":{"line":64,"column":14}}],"line":52}},"s":{"0":3,"1":8,"2":8,"3":8,"4":8,"5":0,"6":0,"7":0,"8":0,"9":0,"10":0,"11":0,"12":0,"13":0,"14":8,"15":0,"16":0,"17":0,"18":0,"19":0,"20":8,"21":8,"22":8,"23":0,"24":0},"f":{"0":8,"1":0,"2":0,"3":0,"4":8,"5":0,"6":0},"b":{"0":[0,0],"1":[0,0],"2":[0,8]},"_coverageSchema":"1a1c01bbd47fc00a2c39e90264f33305004495a9","hash":"1e479280048bcc076689d6c128175861d85102bd"}
,"C:\\Users\\nicki\\meet2\\src\\components\\Event.jsx": {"path":"C:\\Users\\nicki\\meet2\\src\\components\\Event.jsx","statementMap":{"0":{"start":{"line":3,"column":14},"end":{"line":33,"column":1}},"1":{"start":{"line":5,"column":40},"end":{"line":5,"column":55}},"2":{"start":{"line":6,"column":23},"end":{"line":6,"column":37}},"3":{"start":{"line":7,"column":20},"end":{"line":7,"column":34}},"4":{"start":{"line":8,"column":24},"end":{"line":8,"column":39}},"5":{"start":{"line":9,"column":27},"end":{"line":9,"column":45}},"6":{"start":{"line":10,"column":29},"end":{"line":13,"column":3}},"7":{"start":{"line":11,"column":4},"end":{"line":11,"column":36}},"8":{"start":{"line":11,"column":29},"end":{"line":11,"column":34}},"9":{"start":{"line":14,"column":2},"end":{"line":32,"column":3}}},"fnMap":{"0":{"name":"(anonymous_0)","decl":{"start":{"line":3,"column":14},"end":{"line":3,"column":15}},"loc":{"start":{"line":3,"column":27},"end":{"line":33,"column":1}},"line":3},"1":{"name":"(anonymous_1)","decl":{"start":{"line":10,"column":29},"end":{"line":10,"column":30}},"loc":{"start":{"line":10,"column":35},"end":{"line":13,"column":3}},"line":10},"2":{"name":"(anonymous_2)","decl":{"start":{"line":11,"column":19},"end":{"line":11,"column":20}},"loc":{"start":{"line":11,"column":29},"end":{"line":11,"column":34}},"line":11}},"branchMap":{"0":{"loc":{"start":{"line":22,"column":9},"end":{"line":22,"column":54}},"type":"cond-expr","locations":[{"start":{"line":22,"column":23},"end":{"line":22,"column":37}},{"start":{"line":22,"column":40},"end":{"line":22,"column":54}}],"line":22},"1":{"loc":{"start":{"line":24,"column":7},"end":{"line":30,"column":7}},"type":"binary-expr","locations":[{"start":{"line":24,"column":7},"end":{"line":24,"column":18}},{"start":{"line":25,"column":8},"end":{"line":29,"column":14}}],"line":24}},"s":{"0":3,"1":0,"2":0,"3":0,"4":0,"5":0,"6":0,"7":0,"8":0,"9":0},"f":{"0":0,"1":0,"2":0},"b":{"0":[0,0],"1":[0,0]},"_coverageSchema":"1a1c01bbd47fc00a2c39e90264f33305004495a9","hash":"0a436b400d54069e78a3defe5327f81d938cf8b3"}
,"C:\\Users\\nicki\\meet2\\src\\components\\EventGenresChart.jsx": {"path":"C:\\Users\\nicki\\meet2\\src\\components\\EventGenresChart.jsx","statementMap":{"0":{"start":{"line":8,"column":25},"end":{"line":62,"column":1}},"1":{"start":{"line":9,"column":26},"end":{"line":9,"column":38}},"2":{"start":{"line":10,"column":17},"end":{"line":10,"column":69}},"3":{"start":{"line":12,"column":2},"end":{"line":14,"column":20}},"4":{"start":{"line":13,"column":4},"end":{"line":13,"column":23}},"5":{"start":{"line":16,"column":18},"end":{"line":25,"column":3}},"6":{"start":{"line":17,"column":17},"end":{"line":23,"column":6}},"7":{"start":{"line":18,"column":29},"end":{"line":18,"column":84}},"8":{"start":{"line":18,"column":54},"end":{"line":18,"column":83}},"9":{"start":{"line":19,"column":6},"end":{"line":22,"column":8}},"10":{"start":{"line":24,"column":4},"end":{"line":24,"column":16}},"11":{"start":{"line":27,"column":32},"end":{"line":43,"column":3}},"12":{"start":{"line":28,"column":19},"end":{"line":28,"column":32}},"13":{"start":{"line":29,"column":19},"end":{"line":29,"column":30}},"14":{"start":{"line":30,"column":14},"end":{"line":30,"column":63}},"15":{"start":{"line":31,"column":14},"end":{"line":31,"column":63}},"16":{"start":{"line":32,"column":4},"end":{"line":42,"column":13}},"17":{"start":{"line":45,"column":2},"end":{"line":60,"column":4}}},"fnMap":{"0":{"name":"(anonymous_0)","decl":{"start":{"line":8,"column":25},"end":{"line":8,"column":26}},"loc":{"start":{"line":8,"column":41},"end":{"line":62,"column":1}},"line":8},"1":{"name":"(anonymous_1)","decl":{"start":{"line":12,"column":12},"end":{"line":12,"column":13}},"loc":{"start":{"line":12,"column":18},"end":{"line":14,"column":3}},"line":12},"2":{"name":"(anonymous_2)","decl":{"start":{"line":16,"column":18},"end":{"line":16,"column":19}},"loc":{"start":{"line":16,"column":24},"end":{"line":25,"column":3}},"line":16},"3":{"name":"(anonymous_3)","decl":{"start":{"line":17,"column":28},"end":{"line":17,"column":29}},"loc":{"start":{"line":17,"column":39},"end":{"line":23,"column":5}},"line":17},"4":{"name":"(anonymous_4)","decl":{"start":{"line":18,"column":43},"end":{"line":18,"column":44}},"loc":{"start":{"line":18,"column":54},"end":{"line":18,"column":83}},"line":18},"5":{"name":"(anonymous_5)","decl":{"start":{"line":27,"column":32},"end":{"line":27,"column":33}},"loc":{"start":{"line":27,"column":87},"end":{"line":43,"column":3}},"line":27}},"branchMap":{"0":{"loc":{"start":{"line":32,"column":11},"end":{"line":42,"column":12}},"type":"cond-expr","locations":[{"start":{"line":33,"column":6},"end":{"line":41,"column":13}},{"start":{"line":42,"column":8},"end":{"line":42,"column":12}}],"line":32},"1":{"loc":{"start":{"line":37,"column":20},"end":{"line":37,"column":44}},"type":"cond-expr","locations":[{"start":{"line":37,"column":29},"end":{"line":37,"column":36}},{"start":{"line":37,"column":39},"end":{"line":37,"column":44}}],"line":37}},"s":{"0":3,"1":8,"2":8,"3":8,"4":8,"5":8,"6":8,"7":40,"8":0,"9":40,"10":8,"11":8,"12":0,"13":0,"14":0,"15":0,"16":0,"17":8},"f":{"0":8,"1":8,"2":8,"3":40,"4":0,"5":0},"b":{"0":[0,0],"1":[0,0]},"_coverageSchema":"1a1c01bbd47fc00a2c39e90264f33305004495a9","hash":"10ac78dcd9a2fe49947361952805d6f7754d5843"}
,"C:\\Users\\nicki\\meet2\\src\\components\\EventList.jsx": {"path":"C:\\Users\\nicki\\meet2\\src\\components\\EventList.jsx","statementMap":{"0":{"start":{"line":5,"column":18},"end":{"line":17,"column":1}},"1":{"start":{"line":6,"column":2},"end":{"line":8,"column":3}},"2":{"start":{"line":7,"column":4},"end":{"line":7,"column":35}},"3":{"start":{"line":10,"column":2},"end":{"line":16,"column":4}},"4":{"start":{"line":13,"column":8},"end":{"line":13,"column":46}},"5":{"start":{"line":19,"column":0},"end":{"line":21,"column":2}}},"fnMap":{"0":{"name":"(anonymous_0)","decl":{"start":{"line":5,"column":18},"end":{"line":5,"column":19}},"loc":{"start":{"line":5,"column":34},"end":{"line":17,"column":1}},"line":5},"1":{"name":"(anonymous_1)","decl":{"start":{"line":12,"column":18},"end":{"line":12,"column":19}},"loc":{"start":{"line":13,"column":8},"end":{"line":13,"column":46}},"line":13}},"branchMap":{"0":{"loc":{"start":{"line":6,"column":2},"end":{"line":8,"column":3}},"type":"if","locations":[{"start":{"line":6,"column":2},"end":{"line":8,"column":3}},{"start":{},"end":{}}],"line":6},"1":{"loc":{"start":{"line":6,"column":6},"end":{"line":6,"column":36}},"type":"binary-expr","locations":[{"start":{"line":6,"column":6},"end":{"line":6,"column":13}},{"start":{"line":6,"column":17},"end":{"line":6,"column":36}}],"line":6}},"s":{"0":3,"1":8,"2":8,"3":0,"4":0,"5":3},"f":{"0":8,"1":0},"b":{"0":[8,0],"1":[8,8]},"_coverageSchema":"1a1c01bbd47fc00a2c39e90264f33305004495a9","hash":"8cef62f8e01fee75cdb64346a5fe750d84d5b8b3"}
,"C:\\Users\\nicki\\meet2\\src\\components\\NumberOfEvents.jsx": {"path":"C:\\Users\\nicki\\meet2\\src\\components\\NumberOfEvents.jsx","statementMap":{"0":{"start":{"line":3,"column":23},"end":{"line":35,"column":1}},"1":{"start":{"line":4,"column":40},"end":{"line":4,"column":52}},"2":{"start":{"line":6,"column":28},"end":{"line":20,"column":3}},"3":{"start":{"line":7,"column":18},"end":{"line":7,"column":44}},"4":{"start":{"line":8,"column":4},"end":{"line":8,"column":26}},"5":{"start":{"line":11,"column":4},"end":{"line":18,"column":5}},"6":{"start":{"line":12,"column":6},"end":{"line":12,"column":66}},"7":{"start":{"line":13,"column":11},"end":{"line":18,"column":5}},"8":{"start":{"line":14,"column":6},"end":{"line":14,"column":50}},"9":{"start":{"line":16,"column":6},"end":{"line":16,"column":20}},"10":{"start":{"line":17,"column":6},"end":{"line":17,"column":27}},"11":{"start":{"line":19,"column":4},"end":{"line":19,"column":28}},"12":{"start":{"line":22,"column":2},"end":{"line":34,"column":4}}},"fnMap":{"0":{"name":"(anonymous_0)","decl":{"start":{"line":3,"column":23},"end":{"line":3,"column":24}},"loc":{"start":{"line":3,"column":61},"end":{"line":35,"column":1}},"line":3},"1":{"name":"(anonymous_1)","decl":{"start":{"line":6,"column":28},"end":{"line":6,"column":29}},"loc":{"start":{"line":6,"column":39},"end":{"line":20,"column":3}},"line":6}},"branchMap":{"0":{"loc":{"start":{"line":11,"column":4},"end":{"line":18,"column":5}},"type":"if","locations":[{"start":{"line":11,"column":4},"end":{"line":18,"column":5}},{"start":{"line":13,"column":11},"end":{"line":18,"column":5}}],"line":11},"1":{"loc":{"start":{"line":13,"column":11},"end":{"line":18,"column":5}},"type":"if","locations":[{"start":{"line":13,"column":11},"end":{"line":18,"column":5}},{"start":{"line":15,"column":11},"end":{"line":18,"column":5}}],"line":13}},"s":{"0":3,"1":8,"2":8,"3":0,"4":0,"5":0,"6":0,"7":0,"8":0,"9":0,"10":0,"11":0,"12":8},"f":{"0":8,"1":0},"b":{"0":[0,0],"1":[0,0]},"_coverageSchema":"1a1c01bbd47fc00a2c39e90264f33305004495a9","hash":"6f929795f9d63f9a9b4dd924db8c13a1507176e7"}
}
