TN:
SF:src\App.jsx
FN:13,(anonymous_0)
FN:22,(anonymous_1)
FN:28,(anonymous_2)
FN:38,(anonymous_3)
FN:43,(anonymous_4)
FN:44,(anonymous_5)
FN:45,(anonymous_6)
FN:56,(anonymous_7)
FNF:8
FNH:5
FNDA:11,(anonymous_0)
FNDA:8,(anonymous_1)
FNDA:0,(anonymous_2)
FNDA:8,(anonymous_3)
FNDA:8,(anonymous_4)
FNDA:0,(anonymous_5)
FNDA:0,(anonymous_6)
FNDA:8,(anonymous_7)
DA:13,3
DA:14,11
DA:15,8
DA:16,8
DA:17,8
DA:18,8
DA:19,8
DA:20,8
DA:22,8
DA:23,8
DA:24,8
DA:26,8
DA:28,0
DA:29,8
DA:30,8
DA:31,8
DA:33,0
DA:38,8
DA:39,8
DA:43,8
DA:44,8
DA:45,8
DA:46,0
DA:49,8
DA:50,0
DA:53,8
DA:54,8
DA:56,8
DA:57,8
DA:58,8
DA:62,8
LF:31
LH:27
BRDA:26,0,0,8
BRDA:26,0,1,0
BRDA:49,1,0,0
BRDA:49,1,1,8
BRDA:65,2,0,8
BRDA:65,2,1,0
BRDA:66,3,0,8
BRDA:66,3,1,0
BRDA:67,4,0,8
BRDA:67,4,1,0
BRF:10
BRH:5
end_of_record
TN:
SF:src\api.js
FN:7,(anonymous_0)
FN:15,(anonymous_1)
FN:16,(anonymous_2)
FN:23,(anonymous_3)
FN:55,(anonymous_4)
FN:65,(anonymous_5)
FN:92,(anonymous_6)
FN:102,(anonymous_7)
FN:139,(anonymous_8)
FN:140,(anonymous_9)
FNF:10
FNH:3
FNDA:0,(anonymous_0)
FNDA:8,(anonymous_1)
FNDA:280,(anonymous_2)
FNDA:0,(anonymous_3)
FNDA:0,(anonymous_4)
FNDA:0,(anonymous_5)
FNDA:0,(anonymous_6)
FNDA:8,(anonymous_7)
FNDA:0,(anonymous_8)
FNDA:0,(anonymous_9)
DA:7,3
DA:8,0
DA:9,0
DA:15,3
DA:16,280
DA:17,8
DA:23,3
DA:24,0
DA:25,0
DA:26,0
DA:38,0
DA:39,0
DA:42,0
DA:43,0
DA:44,0
DA:45,0
DA:48,0
DA:55,3
DA:56,0
DA:59,0
DA:65,3
DA:66,0
DA:67,0
DA:69,0
DA:70,0
DA:71,0
DA:72,0
DA:74,0
DA:75,0
DA:78,0
DA:79,0
DA:80,0
DA:83,0
DA:86,0
DA:92,3
DA:93,0
DA:96,0
DA:102,3
DA:103,8
DA:106,8
DA:107,8
DA:108,8
DA:111,0
DA:112,0
DA:113,0
DA:114,0
DA:117,0
DA:119,0
DA:120,0
DA:121,0
DA:122,0
DA:123,0
DA:125,0
DA:126,0
DA:127,0
DA:128,0
DA:132,0
DA:133,0
DA:139,3
DA:140,0
LF:60
LH:14
BRDA:38,0,0,0
BRDA:38,0,1,0
BRDA:43,1,0,0
BRDA:43,1,1,0
BRDA:67,2,0,0
BRDA:67,2,1,0
BRDA:69,3,0,0
BRDA:69,3,1,0
BRDA:69,4,0,0
BRDA:69,4,1,0
BRDA:74,5,0,0
BRDA:74,5,1,0
BRDA:83,6,0,0
BRDA:83,6,1,0
BRDA:93,7,0,0
BRDA:93,7,1,0
BRDA:106,8,0,8
BRDA:106,8,1,0
BRDA:111,9,0,0
BRDA:111,9,1,0
BRDA:114,10,0,0
BRDA:114,10,1,0
BRDA:119,11,0,0
BRDA:119,11,1,0
BRDA:125,12,0,0
BRDA:125,12,1,0
BRF:26
BRH:1
end_of_record
TN:
SF:src\mock-data.js
FNF:0
FNH:0
DA:3,3
LF:1
LH:1
BRF:0
BRH:0
end_of_record
TN:
SF:src\components\Alert.jsx
FN:5,(anonymous_0)
FN:12,(anonymous_1)
FN:29,(anonymous_2)
FN:39,(anonymous_3)
FN:48,(anonymous_4)
FN:56,(anonymous_5)
FNF:6
FNH:0
FNDA:0,(anonymous_0)
FNDA:0,(anonymous_1)
FNDA:0,(anonymous_2)
FNDA:0,(anonymous_3)
FNDA:0,(anonymous_4)
FNDA:0,(anonymous_5)
DA:6,0
DA:7,0
DA:8,0
DA:12,0
DA:13,0
DA:30,0
DA:40,0
DA:41,0
DA:42,0
DA:49,0
DA:50,0
DA:51,0
DA:57,0
DA:58,0
DA:59,0
LF:15
LH:0
BRF:0
BRH:0
end_of_record
TN:
SF:src\components\CityEventsChart.jsx
FN:11,(anonymous_0)
FN:14,(anonymous_1)
FN:18,(anonymous_2)
FN:19,(anonymous_3)
FN:20,(anonymous_4)
FNF:5
FNH:3
FNDA:8,(anonymous_0)
FNDA:8,(anonymous_1)
FNDA:8,(anonymous_2)
FNDA:0,(anonymous_3)
FNDA:0,(anonymous_4)
DA:11,3
DA:12,8
DA:14,8
DA:15,8
DA:18,8
DA:19,8
DA:20,0
DA:21,0
DA:22,0
DA:24,8
DA:27,8
LF:11
LH:8
BRF:0
BRH:0
end_of_record
TN:
SF:src\components\CitySearch.jsx
FN:4,(anonymous_0)
FN:9,(anonymous_1)
FN:11,(anonymous_2)
FN:29,(anonymous_3)
FN:38,(anonymous_4)
FN:49,(anonymous_5)
FN:53,(anonymous_6)
FNF:7
FNH:2
FNDA:8,(anonymous_0)
FNDA:0,(anonymous_1)
FNDA:0,(anonymous_2)
FNDA:0,(anonymous_3)
FNDA:8,(anonymous_4)
FNDA:0,(anonymous_5)
FNDA:0,(anonymous_6)
DA:4,3
DA:5,8
DA:6,8
DA:7,8
DA:9,8
DA:10,0
DA:11,0
DA:12,0
DA:16,0
DA:17,0
DA:21,0
DA:22,0
DA:24,0
DA:26,0
DA:29,8
DA:30,0
DA:31,0
DA:32,0
DA:33,0
DA:34,0
DA:38,8
DA:39,8
DA:42,8
DA:49,0
DA:54,0
LF:25
LH:9
BRDA:11,0,0,0
BRDA:11,0,1,0
BRDA:21,1,0,0
BRDA:21,1,1,0
BRDA:52,2,0,0
BRDA:52,2,1,8
BRF:6
BRH:1
end_of_record
TN:
SF:src\components\Event.jsx
FN:3,(anonymous_0)
FN:10,(anonymous_1)
FN:11,(anonymous_2)
FNF:3
FNH:0
FNDA:0,(anonymous_0)
FNDA:0,(anonymous_1)
FNDA:0,(anonymous_2)
DA:3,3
DA:5,0
DA:6,0
DA:7,0
DA:8,0
DA:9,0
DA:10,0
DA:11,0
DA:14,0
LF:9
LH:1
BRDA:22,0,0,0
BRDA:22,0,1,0
BRDA:24,1,0,0
BRDA:24,1,1,0
BRF:4
BRH:0
end_of_record
TN:
SF:src\components\EventGenresChart.jsx
FN:8,(anonymous_0)
FN:12,(anonymous_1)
FN:16,(anonymous_2)
FN:17,(anonymous_3)
FN:18,(anonymous_4)
FN:27,(anonymous_5)
FNF:6
FNH:4
FNDA:8,(anonymous_0)
FNDA:8,(anonymous_1)
FNDA:8,(anonymous_2)
FNDA:40,(anonymous_3)
FNDA:0,(anonymous_4)
FNDA:0,(anonymous_5)
DA:8,3
DA:9,8
DA:10,8
DA:12,8
DA:13,8
DA:16,8
DA:17,8
DA:18,40
DA:19,40
DA:24,8
DA:27,8
DA:28,0
DA:29,0
DA:30,0
DA:31,0
DA:32,0
DA:45,8
LF:17
LH:12
BRDA:32,0,0,0
BRDA:32,0,1,0
BRDA:37,1,0,0
BRDA:37,1,1,0
BRF:4
BRH:0
end_of_record
TN:
SF:src\components\EventList.jsx
FN:5,(anonymous_0)
FN:12,(anonymous_1)
FNF:2
FNH:1
FNDA:8,(anonymous_0)
FNDA:0,(anonymous_1)
DA:5,3
DA:6,8
DA:7,8
DA:10,0
DA:13,0
DA:19,3
LF:6
LH:4
BRDA:6,0,0,8
BRDA:6,0,1,0
BRDA:6,1,0,8
BRDA:6,1,1,8
BRF:4
BRH:3
end_of_record
TN:
SF:src\components\NumberOfEvents.jsx
FN:3,(anonymous_0)
FN:6,(anonymous_1)
FNF:2
FNH:1
FNDA:8,(anonymous_0)
FNDA:0,(anonymous_1)
DA:3,3
DA:4,8
DA:6,8
DA:7,0
DA:8,0
DA:11,0
DA:12,0
DA:13,0
DA:14,0
DA:16,0
DA:17,0
DA:19,0
DA:22,8
LF:13
LH:4
BRDA:11,0,0,0
BRDA:11,0,1,0
BRDA:13,1,0,0
BRDA:13,1,1,0
BRF:4
BRH:0
end_of_record
