TN:
SF:src\App.jsx
FN:16,(anonymous_0)
FN:25,(anonymous_1)
FN:29,(anonymous_2)
FN:34,(anonymous_3)
FNF:4
FNH:1
FNDA:18,(anonymous_0)
FNDA:0,(anonymous_1)
FNDA:0,(anonymous_2)
FNDA:0,(anonymous_3)
DA:16,4
DA:17,18
DA:18,14
DA:19,14
DA:20,14
DA:21,14
DA:22,14
DA:23,14
DA:25,14
DA:26,0
DA:27,0
DA:29,0
DA:30,0
DA:31,0
DA:34,14
DA:35,0
DA:36,0
DA:38,0
DA:40,0
DA:42,14
LF:20
LH:11
BRDA:27,0,0,0
BRDA:27,0,1,0
BRDA:35,1,0,0
BRDA:35,1,1,0
BRDA:45,2,0,0
BRDA:45,2,1,14
BRDA:46,3,0,0
BRDA:46,3,1,14
BRDA:47,4,0,0
BRDA:47,4,1,14
BRF:10
BRH:3
end_of_record
TN:
SF:src\api.js
FN:7,(anonymous_0)
FN:15,(anonymous_1)
FN:16,(anonymous_2)
FN:23,(anonymous_3)
FN:54,(anonymous_4)
FN:64,(anonymous_5)
FN:91,(anonymous_6)
FN:101,(anonymous_7)
FN:137,(anonymous_8)
FN:138,(anonymous_9)
FNF:10
FNH:3
FNDA:0,(anonymous_0)
FNDA:2,(anonymous_1)
FNDA:70,(anonymous_2)
FNDA:0,(anonymous_3)
FNDA:0,(anonymous_4)
FNDA:0,(anonymous_5)
FNDA:0,(anonymous_6)
FNDA:3,(anonymous_7)
FNDA:0,(anonymous_8)
FNDA:0,(anonymous_9)
DA:7,5
DA:8,0
DA:9,0
DA:15,5
DA:16,70
DA:17,2
DA:23,5
DA:24,0
DA:25,0
DA:26,0
DA:37,0
DA:38,0
DA:41,0
DA:42,0
DA:43,0
DA:44,0
DA:47,0
DA:54,5
DA:55,0
DA:58,0
DA:64,5
DA:65,0
DA:66,0
DA:68,0
DA:69,0
DA:70,0
DA:71,0
DA:73,0
DA:74,0
DA:77,0
DA:78,0
DA:79,0
DA:82,0
DA:85,0
DA:91,5
DA:92,0
DA:95,0
DA:101,5
DA:102,3
DA:104,3
DA:105,3
DA:106,3
DA:109,0
DA:110,0
DA:111,0
DA:112,0
DA:115,0
DA:117,0
DA:118,0
DA:119,0
DA:120,0
DA:121,0
DA:123,0
DA:124,0
DA:125,0
DA:126,0
DA:130,0
DA:131,0
DA:137,5
DA:138,0
LF:60
LH:14
BRDA:37,0,0,0
BRDA:37,0,1,0
BRDA:42,1,0,0
BRDA:42,1,1,0
BRDA:66,2,0,0
BRDA:66,2,1,0
BRDA:68,3,0,0
BRDA:68,3,1,0
BRDA:68,4,0,0
BRDA:68,4,1,0
BRDA:73,5,0,0
BRDA:73,5,1,0
BRDA:82,6,0,0
BRDA:82,6,1,0
BRDA:92,7,0,0
BRDA:92,7,1,0
BRDA:104,8,0,3
BRDA:104,8,1,0
BRDA:109,9,0,0
BRDA:109,9,1,0
BRDA:112,10,0,0
BRDA:112,10,1,0
BRDA:117,11,0,0
BRDA:117,11,1,0
BRDA:123,12,0,0
BRDA:123,12,1,0
BRF:26
BRH:1
end_of_record
TN:
SF:src\mock-data.js
FNF:0
FNH:0
DA:3,5
LF:1
LH:1
BRF:0
BRH:0
end_of_record
TN:
SF:src\components\Alert.jsx
FN:5,(anonymous_0)
FN:12,(anonymous_1)
FN:29,(anonymous_2)
FN:39,(anonymous_3)
FN:48,(anonymous_4)
FN:56,(anonymous_5)
FNF:6
FNH:0
FNDA:0,(anonymous_0)
FNDA:0,(anonymous_1)
FNDA:0,(anonymous_2)
FNDA:0,(anonymous_3)
FNDA:0,(anonymous_4)
FNDA:0,(anonymous_5)
DA:6,0
DA:7,0
DA:8,0
DA:12,0
DA:13,0
DA:30,0
DA:40,0
DA:41,0
DA:42,0
DA:49,0
DA:50,0
DA:51,0
DA:57,0
DA:58,0
DA:59,0
LF:15
LH:0
BRF:0
BRH:0
end_of_record
TN:
SF:src\components\CityEventsChart.jsx
FN:5,(anonymous_0)
FN:12,(anonymous_1)
FN:29,(anonymous_2)
FN:39,(anonymous_3)
FN:48,(anonymous_4)
FN:56,(anonymous_5)
FNF:6
FNH:0
FNDA:0,(anonymous_0)
FNDA:0,(anonymous_1)
FNDA:0,(anonymous_2)
FNDA:0,(anonymous_3)
FNDA:0,(anonymous_4)
FNDA:0,(anonymous_5)
DA:6,0
DA:7,0
DA:8,0
DA:12,0
DA:13,0
DA:30,0
DA:40,0
DA:41,0
DA:42,0
DA:49,0
DA:50,0
DA:51,0
DA:57,0
DA:58,0
DA:59,0
LF:15
LH:0
BRF:0
BRH:0
end_of_record
TN:
SF:src\components\CitySearch.jsx
FN:4,(anonymous_0)
FN:9,(anonymous_1)
FN:11,(anonymous_2)
FN:29,(anonymous_3)
FN:38,(anonymous_4)
FN:49,(anonymous_5)
FN:53,(anonymous_6)
FNF:7
FNH:7
FNDA:44,(anonymous_0)
FNDA:12,(anonymous_1)
FNDA:24,(anonymous_2)
FNDA:1,(anonymous_3)
FNDA:7,(anonymous_4)
FNDA:3,(anonymous_5)
FNDA:16,(anonymous_6)
DA:4,4
DA:5,44
DA:6,44
DA:7,44
DA:9,44
DA:10,12
DA:11,12
DA:12,24
DA:16,12
DA:17,12
DA:21,12
DA:22,0
DA:24,12
DA:26,12
DA:29,44
DA:30,1
DA:31,1
DA:32,1
DA:33,1
DA:34,1
DA:38,44
DA:39,7
DA:42,44
DA:49,3
DA:54,16
LF:25
LH:24
BRDA:11,0,0,12
BRDA:11,0,1,0
BRDA:21,1,0,0
BRDA:21,1,1,12
BRDA:52,2,0,15
BRDA:52,2,1,29
BRF:6
BRH:4
end_of_record
TN:
SF:src\components\Event.jsx
FN:3,(anonymous_0)
FN:10,(anonymous_1)
FN:11,(anonymous_2)
FNF:3
FNH:3
FNDA:42,(anonymous_0)
FNDA:3,(anonymous_1)
FNDA:3,(anonymous_2)
DA:3,5
DA:5,42
DA:6,42
DA:7,42
DA:8,42
DA:9,42
DA:10,42
DA:11,3
DA:14,42
LF:9
LH:9
BRDA:22,0,0,2
BRDA:22,0,1,40
BRDA:24,1,0,42
BRDA:24,1,1,2
BRF:4
BRH:4
end_of_record
TN:
SF:src\components\EventGenresChart.jsx
FN:4,(anonymous_0)
FN:8,(anonymous_1)
FN:12,(anonymous_2)
FN:13,(anonymous_3)
FN:14,(anonymous_4)
FN:25,(anonymous_5)
FNF:6
FNH:1
FNDA:14,(anonymous_0)
FNDA:0,(anonymous_1)
FNDA:0,(anonymous_2)
FNDA:0,(anonymous_3)
FNDA:0,(anonymous_4)
FNDA:0,(anonymous_5)
DA:4,4
DA:5,14
DA:6,14
DA:8,14
DA:9,0
DA:12,14
DA:13,0
DA:14,0
DA:15,0
DA:17,0
DA:22,0
DA:25,14
DA:33,0
DA:34,0
DA:35,0
DA:36,0
DA:37,0
DA:50,14
LF:18
LH:7
BRDA:37,0,0,0
BRDA:37,0,1,0
BRDA:42,1,0,0
BRDA:42,1,1,0
BRF:4
BRH:0
end_of_record
TN:
SF:src\components\EventList.jsx
FN:6,(anonymous_0)
FN:9,(anonymous_1)
FNF:2
FNH:2
FNDA:3,(anonymous_0)
FNDA:35,(anonymous_1)
DA:6,4
DA:7,3
DA:10,35
LF:3
LH:3
BRDA:9,0,0,1
BRDA:9,0,1,2
BRF:2
BRH:2
end_of_record
TN:
SF:src\components\NumberOfEvents.jsx
FN:3,(anonymous_0)
FN:6,(anonymous_1)
FNF:2
FNH:2
FNDA:21,(anonymous_0)
FNDA:4,(anonymous_1)
DA:3,4
DA:4,21
DA:6,21
DA:7,4
DA:8,4
DA:11,4
DA:12,1
DA:13,3
DA:14,0
DA:16,3
DA:17,3
DA:19,4
DA:22,21
LF:13
LH:12
BRDA:11,0,0,1
BRDA:11,0,1,3
BRDA:13,1,0,0
BRDA:13,1,1,3
BRF:4
BRH:3
end_of_record
